#
# A fatal error has been detected by the Java Runtime Environment:
#
#  SIGFPE (0x8) at pc=0x00007f46b569717f, pid=6330, tid=0x00007f46ea087700
#
# JRE version: Java(TM) SE Runtime Environment (8.0_261-b12) (build 1.8.0_261-b12)
# Java VM: Java HotSpot(TM) 64-Bit Server VM (25.261-b12 mixed mode linux-amd64 compressed oops)
# Problematic frame:
# C  [libz3.so+0xde117f]  mpn_manager::div(unsigned int const*, unsigned long, unsigned int const*, unsigned long, unsigned int*, unsigned int*)+0xef
#
# Failed to write core dump. Core dumps have been disabled. To enable core dumping, try "ulimit -c unlimited" before starting Java again
#
# If you would like to submit a bug report, please visit:
#   http://bugreport.java.com/bugreport/crash.jsp
# The crash happened outside the Java Virtual Machine in native code.
# See problematic frame for where to report the bug.
#

---------------  T H R E A D  ---------------

Current thread (0x00007f46e400b800):  JavaThread "main" [_thread_in_native, id=6332, stack(0x00007f46e9f88000,0x00007f46ea088000)]

siginfo: si_signo: 8 (SIGFPE), si_code: 1 (FPE_INTDIV), si_addr: 0x00007f46b569717f

Registers:
RAX=0x00000000ffffff80, RBX=0x00007f46e4670c00, RCX=0x00007f46e4670760, RDX=0x0000000000000000
RSP=0x00007f46ea0837f0, RBP=0x0000000000000001, RSI=0x0000000000000000, RDI=0x00007f46e46704b0
R8 =0x0000000000000000, R9 =0x00007f46e4670c00, R10=0x00000000ffffff80, R11=0x0000000000000001
R12=0x0000000000000001, R13=0x00007f46e46704b0, R14=0x00007f46e4670740, R15=0x00007f46e4670700
RIP=0x00007f46b569717f, EFLAGS=0x0000000000010246, CSGSFS=0x002b000000000033, ERR=0x0000000000000000
  TRAPNO=0x0000000000000000

Top of Stack: (sp=0x00007f46ea0837f0)
0x00007f46ea0837f0:   00007f46e4670298 00007f46e4670760
0x00007f46ea083800:   00007f46e4670c00 00007f46e4670718
0x00007f46ea083810:   00007f46e46d7fd8 00007f46e4670298
0x00007f46ea083820:   00007f46e46706f8 00007f46ea083900
0x00007f46ea083830:   0000000000000001 0000000000000001
0x00007f46ea083840:   00007f46e4670758 00007f46b5680178
0x00007f46ea083850:   00007f46e4670740 00007f46b5680137
0x00007f46ea083860:   00007f46ea0838f0 00007f46e4670298
0x00007f46ea083870:   00007f46e46704a0 00007f46e4670298
0x00007f46ea083880:   00007f46e4670638 00007f46e46704a0
0x00007f46ea083890:   00007f46ea0838e0 00007f46ea083930
0x00007f46ea0838a0:   00007f46ea0838f0 00007f46b56827d2
0x00007f46ea0838b0:   00007f46e46c3fc8 00007f46ea083900
0x00007f46ea0838c0:   00007f46ea083910 00007f46ea083af0
0x00007f46ea0838d0:   00007f46ea083920 00007f46b56c3b65
0x00007f46ea0838e0:   0000000000000001 00007f46e46706f8
0x00007f46ea0838f0:   00007f4600000001 00007f46e4670c58
0x00007f46ea083900:   0000000000000000 0000000000000000
0x00007f46ea083910:   00007f4600000000 0000000000000000
0x00007f46ea083920:   00007f4600000001 0000000000000000
0x00007f46ea083930:   00007f4600000000 0000000000000000
0x00007f46ea083940:   00007f46e4670298 00007f46e4899548
0x00007f46ea083950:   00007f46ea083a70 00007f46ea083a34
0x00007f46ea083960:   00007f46e4a1e810 7dde2fc10542cc00
0x00007f46ea083970:   00007f46e46704a0 00007f46e49fa0d0
0x00007f46ea083980:   00007f46ea083e20 00007f46e49fa0d8
0x00007f46ea083990:   00007f46ea083a70 00007f46b5ad6400
0x00007f46ea0839a0:   00007f46e4a6e7c0 00007f46b53d4014
0x00007f46ea0839b0:   00007f46ea083b08 00007f46ea083cc0
0x00007f46ea0839c0:   00007f46ea083a48 00007f46e4a6e718
0x00007f46ea0839d0:   00007f46e49fa0c8 00007f46ea083c30
0x00007f46ea0839e0:   00007f46e4670298 0000000000000002 

Instructions: (pc=0x00007f46b569717f)
0x00007f46b569715f:   0f 94 c0 49 83 fc 01 0f 94 c0 41 20 c0 0f 84 de
0x00007f46b569716f:   01 00 00 41 8b 07 31 d2 48 8b 5c 24 10 45 31 c0
0x00007f46b569717f:   f7 31 31 d2 89 03 41 8b 07 f7 31 41 89 16 4c 89
0x00007f46b569718f:   ef 44 88 44 24 08 e8 36 80 28 ff 44 0f b6 44 24 

Register to memory mapping:

RAX=0x00000000ffffff80 is an unknown value
RBX=0x00007f46e4670c00 is an unknown value
RCX=0x00007f46e4670760 is an unknown value
RDX=0x0000000000000000 is an unknown value
RSP=0x00007f46ea0837f0 is pointing into the stack for thread: 0x00007f46e400b800
RBP=0x0000000000000001 is an unknown value
RSI=0x0000000000000000 is an unknown value
RDI=0x00007f46e46704b0 is an unknown value
R8 =0x0000000000000000 is an unknown value
R9 =0x00007f46e4670c00 is an unknown value
R10=0x00000000ffffff80 is an unknown value
R11=0x0000000000000001 is an unknown value
R12=0x0000000000000001 is an unknown value
R13=0x00007f46e46704b0 is an unknown value
R14=0x00007f46e4670740 is an unknown value
R15=0x00007f46e4670700 is an unknown value


Stack: [0x00007f46e9f88000,0x00007f46ea088000],  sp=0x00007f46ea0837f0,  free space=1005k
Native frames: (J=compiled Java code, j=interpreted, Vv=VM code, C=native code)
C  [libz3.so+0xde117f]  mpn_manager::div(unsigned int const*, unsigned long, unsigned int const*, unsigned long, unsigned int*, unsigned int*)+0xef

Java frames: (J=compiled Java code, j=interpreted, Vv=VM code)
j  com.microsoft.z3.Native.INTERNALsolverCheck(JJ)I+0
j  com.microsoft.z3.Native.solverCheck(JJ)I+2
j  com.microsoft.z3.Solver.check([Lcom/microsoft/z3/Expr;)Lcom/microsoft/z3/Status;+15
j  com.microsoft.z3.Solver.check()Lcom/microsoft/z3/Status;+5
j  gov.nasa.jpf.constraints.solvers.nativez3.NativeZ3SolverContext.solve(Lgov/nasa/jpf/constraints/api/Valuation;)Lgov/nasa/jpf/constraints/api/ConstraintSolver$Result;+12
j  gov.nasa.jpf.constraints.solvers.nativez3.NativeZ3Solver.solve(Lgov/nasa/jpf/constraints/api/Expression;Lgov/nasa/jpf/constraints/api/Valuation;)Lgov/nasa/jpf/constraints/api/ConstraintSolver$Result;+21
j  gov.nasa.jpf.constraints.expressions.ExpressionZ3BVTest.expressionTest()V+129
v  ~StubRoutines::call_stub
j  sun.reflect.NativeMethodAccessorImpl.invoke0(Ljava/lang/reflect/Method;Ljava/lang/Object;[Ljava/lang/Object;)Ljava/lang/Object;+0
j  sun.reflect.NativeMethodAccessorImpl.invoke(Ljava/lang/Object;[Ljava/lang/Object;)Ljava/lang/Object;+100
j  sun.reflect.DelegatingMethodAccessorImpl.invoke(Ljava/lang/Object;[Ljava/lang/Object;)Ljava/lang/Object;+6
j  java.lang.reflect.Method.invoke(Ljava/lang/Object;[Ljava/lang/Object;)Ljava/lang/Object;+56
j  org.testng.internal.MethodInvocationHelper.invokeMethod(Ljava/lang/reflect/Method;Ljava/lang/Object;[Ljava/lang/Object;)Ljava/lang/Object;+242
j  org.testng.internal.Invoker.invokeMethod([Ljava/lang/Object;ILorg/testng/ITestNGMethod;[Ljava/lang/Object;ILorg/testng/xml/XmlSuite;Ljava/util/Map;Lorg/testng/ITestClass;[Lorg/testng/ITestNGMethod;[Lorg/testng/ITestNGMethod;Lorg/testng/internal/ConfigurationGroupMethods;)Lorg/testng/ITestResult;+292
j  org.testng.internal.Invoker.invokeTestMethod([Ljava/lang/Object;Lorg/testng/ITestNGMethod;[Ljava/lang/Object;ILorg/testng/xml/XmlSuite;Ljava/util/Map;Lorg/testng/ITestClass;[Lorg/testng/ITestNGMethod;[Lorg/testng/ITestNGMethod;Lorg/testng/internal/ConfigurationGroupMethods;)Ljava/util/List;+46
j  org.testng.internal.Invoker.invokeTestMethods(Lorg/testng/ITestNGMethod;[Lorg/testng/ITestNGMethod;ILorg/testng/xml/XmlSuite;Ljava/util/Map;Lorg/testng/internal/ConfigurationGroupMethods;[Ljava/lang/Object;Lorg/testng/ITestContext;)Ljava/util/List;+762
j  org.testng.internal.TestMethodWorker.invokeTestMethods(Lorg/testng/ITestNGMethod;[Ljava/lang/Object;Lorg/testng/ITestContext;)V+32
j  org.testng.internal.TestMethodWorker.run()V+60
j  org.testng.TestRunner.privateRun(Lorg/testng/xml/XmlTest;)V+355
j  org.testng.TestRunner.run()V+26
j  org.testng.SuiteRunner.runTest(Lorg/testng/TestRunner;)V+1
j  org.testng.SuiteRunner.runSequentially()V+31
j  org.testng.SuiteRunner.privateRun()V+281
j  org.testng.SuiteRunner.run()V+6
j  org.testng.SuiteRunnerWorker.runSuite(Lorg/testng/internal/SuiteRunnerMap;Lorg/testng/xml/XmlSuite;)V+89
j  org.testng.SuiteRunnerWorker.run()V+12
j  org.testng.TestNG.runSuitesSequentially(Lorg/testng/xml/XmlSuite;Lorg/testng/internal/SuiteRunnerMap;ILjava/lang/String;)V+66
j  org.testng.TestNG.runSuitesLocally()Ljava/util/List;+143
j  org.testng.TestNG.run()V+77
j  org.apache.maven.surefire.testng.TestNGExecutor.run([Ljava/lang/Class;Ljava/lang/String;Ljava/util/Map;Lorg/apache/maven/artifact/versioning/ArtifactVersion;Lorg/apache/maven/surefire/report/RunListener;Lorg/apache/maven/surefire/testng/TestNgTestSuite;Ljava/io/File;Ljava/lang/String;)V+93
j  org.apache.maven.surefire.testng.TestNGDirectoryTestSuite.executeMulti(Lorg/apache/maven/surefire/util/TestsToRun;Lorg/apache/maven/surefire/report/ReporterFactory;)V+230
j  org.apache.maven.surefire.testng.TestNGDirectoryTestSuite.execute(Lorg/apache/maven/surefire/util/TestsToRun;Lorg/apache/maven/surefire/report/ReporterFactory;)V+19
j  org.apache.maven.surefire.testng.TestNGProvider.invoke(Ljava/lang/Object;)Lorg/apache/maven/surefire/suite/RunResult;+106
v  ~StubRoutines::call_stub
j  sun.reflect.NativeMethodAccessorImpl.invoke0(Ljava/lang/reflect/Method;Ljava/lang/Object;[Ljava/lang/Object;)Ljava/lang/Object;+0
j  sun.reflect.NativeMethodAccessorImpl.invoke(Ljava/lang/Object;[Ljava/lang/Object;)Ljava/lang/Object;+100
j  sun.reflect.DelegatingMethodAccessorImpl.invoke(Ljava/lang/Object;[Ljava/lang/Object;)Ljava/lang/Object;+6
j  java.lang.reflect.Method.invoke(Ljava/lang/Object;[Ljava/lang/Object;)Ljava/lang/Object;+56
j  org.apache.maven.surefire.util.ReflectionUtils.invokeMethodWithArray(Ljava/lang/Object;Ljava/lang/reflect/Method;[Ljava/lang/Object;)Ljava/lang/Object;+3
j  org.apache.maven.surefire.booter.ProviderFactory$ProviderProxy.invoke(Ljava/lang/Object;)Lorg/apache/maven/surefire/suite/RunResult;+38
j  org.apache.maven.surefire.booter.ProviderFactory.invokeProvider(Ljava/lang/Object;Ljava/lang/ClassLoader;Ljava/lang/ClassLoader;Ljava/lang/Object;Lorg/apache/maven/surefire/booter/ProviderConfiguration;ZLorg/apache/maven/surefire/booter/StartupConfiguration;Z)Lorg/apache/maven/surefire/suite/RunResult;+38
j  org.apache.maven.surefire.booter.ForkedBooter.runSuitesInProcess(Ljava/lang/Object;Ljava/lang/ClassLoader;Lorg/apache/maven/surefire/booter/StartupConfiguration;Lorg/apache/maven/surefire/booter/ProviderConfiguration;Ljava/io/PrintStream;)Lorg/apache/maven/surefire/suite/RunResult;+45
j  org.apache.maven.surefire.booter.ForkedBooter.main([Ljava/lang/String;)V+136
v  ~StubRoutines::call_stub

---------------  P R O C E S S  ---------------

Java Threads: ( => current thread )
  0x00007f46e4213000 JavaThread "Service Thread" daemon [_thread_blocked, id=6351, stack(0x00007f46b5e03000,0x00007f46b5f04000)]
  0x00007f46e4210000 JavaThread "C1 CompilerThread3" daemon [_thread_blocked, id=6350, stack(0x00007f46b5f05000,0x00007f46b6005000)]
  0x00007f46e420e000 JavaThread "C2 CompilerThread2" daemon [_thread_blocked, id=6349, stack(0x00007f46b6006000,0x00007f46b6106000)]
  0x00007f46e420c800 JavaThread "C2 CompilerThread1" daemon [_thread_blocked, id=6348, stack(0x00007f46b6107000,0x00007f46b6207000)]
  0x00007f46e4209800 JavaThread "C2 CompilerThread0" daemon [_thread_blocked, id=6347, stack(0x00007f46b6208000,0x00007f46b6308000)]
  0x00007f46e4208000 JavaThread "Signal Dispatcher" daemon [_thread_blocked, id=6346, stack(0x00007f46b6308000,0x00007f46b6409000)]
  0x00007f46e41d7000 JavaThread "Finalizer" daemon [_thread_blocked, id=6345, stack(0x00007f46b66e7000,0x00007f46b67e8000)]
  0x00007f46e41d2800 JavaThread "Reference Handler" daemon [_thread_blocked, id=6344, stack(0x00007f46b67e8000,0x00007f46b68e9000)]
=>0x00007f46e400b800 JavaThread "main" [_thread_in_native, id=6332, stack(0x00007f46e9f88000,0x00007f46ea088000)]

Other Threads:
  0x00007f46e41c9000 VMThread [stack: 0x00007f46b68ea000,0x00007f46b69ea000] [id=6343]
  0x00007f46e4215800 WatcherThread [stack: 0x00007f46b5d03000,0x00007f46b5e03000] [id=6352]

VM state:not at safepoint (normal execution)

VM Mutex/Monitor currently owned by a thread: None

heap address: 0x00000005cd200000, size: 7982 MB, Compressed Oops mode: Zero based, Oop shift amount: 3
Narrow klass base: 0x0000000000000000, Narrow klass shift: 3
Compressed class space size: 1073741824 Address: 0x00000007c0000000

Heap:
 PSYoungGen      total 149504K, used 20565K [0x0000000719b80000, 0x0000000724200000, 0x00000007c0000000)
  eden space 128512K, 16% used [0x0000000719b80000,0x000000071af95748,0x0000000721900000)
  from space 20992K, 0% used [0x0000000722d80000,0x0000000722d80000,0x0000000724200000)
  to   space 20992K, 0% used [0x0000000721900000,0x0000000721900000,0x0000000722d80000)
 ParOldGen       total 341504K, used 0K [0x00000005cd200000, 0x00000005e1f80000, 0x0000000719b80000)
  object space 341504K, 0% used [0x00000005cd200000,0x00000005cd200000,0x00000005e1f80000)
 Metaspace       used 7849K, capacity 8030K, committed 8192K, reserved 1056768K
  class space    used 890K, capacity 953K, committed 1024K, reserved 1048576K

Card table byte_map: [0x00007f46d2c04000,0x00007f46d3b9c000] byte_map_base: 0x00007f46cfd9b000

Marking Bits: (ParMarkBitMap*) 0x00007f46e94370c0
 Begin Bits: [0x00007f46bc690000, 0x00007f46c4348000)
 End Bits:   [0x00007f46c4348000, 0x00007f46cc000000)

Polling page: 0x00007f46ea0a6000

CodeCache: size=245760Kb used=2687Kb max_used=2700Kb free=243072Kb
 bounds [0x00007f46d3f5c000, 0x00007f46d420c000, 0x00007f46e2f5c000]
 total_blobs=957 nmethods=589 adapters=282
 compilation: enabled

Compilation events (10 events):
Event: 0.231 Thread 0x00007f46e4210000  586       3       java.util.Calendar::internalSet (8 bytes)
Event: 0.231 Thread 0x00007f46e4210000 nmethod 586 0x00007f46d41fac10 code [0x00007f46d41fad80, 0x00007f46d41faef0]
Event: 0.231 Thread 0x00007f46e4210000  588       3       java.lang.StringCoding::access$100 (8 bytes)
Event: 0.231 Thread 0x00007f46e4210000 nmethod 588 0x00007f46d41fafd0 code [0x00007f46d41fb180, 0x00007f46d41fb6a8]
Event: 0.231 Thread 0x00007f46e4210000  589       3       java.lang.StringCoding::safeTrim (24 bytes)
Event: 0.231 Thread 0x00007f46e4210000 nmethod 589 0x00007f46d41fb910 code [0x00007f46d41fbaa0, 0x00007f46d41fbf68]
Event: 0.231 Thread 0x00007f46e4210000  587       3       java.util.jar.Manifest$FastInputStream::peek (38 bytes)
Event: 0.232 Thread 0x00007f46e4210000 nmethod 587 0x00007f46d41fc110 code [0x00007f46d41fc280, 0x00007f46d41fc4e8]
Event: 0.232 Thread 0x00007f46e420c800 nmethod 584 0x00007f46d41ff6d0 code [0x00007f46d41ff880, 0x00007f46d41ffd48]
Event: 0.233 Thread 0x00007f46e420e000 nmethod 585 0x00007f46d41fd690 code [0x00007f46d41fd800, 0x00007f46d41fde58]

GC Heap History (0 events):
No events

Deoptimization events (7 events):
Event: 0.101 Thread 0x00007f46e400b800 Uncommon trap: reason=unstable_if action=reinterpret pc=0x00007f46d40e6b14 method=java.lang.String.indexOf([CII[CIII)I @ 134
Event: 0.134 Thread 0x00007f46e400b800 Uncommon trap: reason=unstable_if action=reinterpret pc=0x00007f46d40e44e0 method=java.lang.String.replace(CC)Ljava/lang/String; @ 26
Event: 0.137 Thread 0x00007f46e400b800 Uncommon trap: reason=class_check action=maybe_recompile pc=0x00007f46d40d70fc method=java.lang.String.equals(Ljava/lang/Object;)Z @ 8
Event: 0.173 Thread 0x00007f46e400b800 Uncommon trap: reason=unstable_if action=reinterpret pc=0x00007f46d414f714 method=java.util.HashMap.hash(Ljava/lang/Object;)I @ 1
Event: 0.177 Thread 0x00007f46e400b800 Uncommon trap: reason=class_check action=maybe_recompile pc=0x00007f46d40d70fc method=java.lang.String.equals(Ljava/lang/Object;)Z @ 8
Event: 0.190 Thread 0x00007f46e400b800 Uncommon trap: reason=unstable_if action=reinterpret pc=0x00007f46d41ab388 method=sun.misc.MetaIndex.mayContain(Ljava/lang/String;)Z @ 38
Event: 0.197 Thread 0x00007f46e400b800 Uncommon trap: reason=unstable_if action=reinterpret pc=0x00007f46d41adc98 method=java.util.concurrent.ConcurrentHashMap.containsKey(Ljava/lang/Object;)Z @ 5

Classes redefined (0 events):
No events

Internal exceptions (7 events):
Event: 0.017 Thread 0x00007f46e400b800 Exception <a 'java/lang/NoSuchMethodError': Method sun.misc.Unsafe.defineClass(Ljava/lang/String;[BII)Ljava/lang/Class; name or signature does not match> (0x0000000719b87cc0) thrown at [/scratch/jenkins/workspace/8-2-build-linux-amd64/jdk8u261/295/hotspot
Event: 0.018 Thread 0x00007f46e400b800 Exception <a 'java/lang/NoSuchMethodError': Method sun.misc.Unsafe.prefetchRead(Ljava/lang/Object;J)V name or signature does not match> (0x0000000719b87fa8) thrown at [/scratch/jenkins/workspace/8-2-build-linux-amd64/jdk8u261/295/hotspot/src/share/vm/prim
Event: 0.081 Thread 0x00007f46e400b800 Exception <a 'java/security/PrivilegedActionException'> (0x000000071a113f60) thrown at [/scratch/jenkins/workspace/8-2-build-linux-amd64/jdk8u261/295/hotspot/src/share/vm/prims/jvm.cpp, line 1512]
Event: 0.081 Thread 0x00007f46e400b800 Exception <a 'java/security/PrivilegedActionException'> (0x000000071a114170) thrown at [/scratch/jenkins/workspace/8-2-build-linux-amd64/jdk8u261/295/hotspot/src/share/vm/prims/jvm.cpp, line 1512]
Event: 0.081 Thread 0x00007f46e400b800 Exception <a 'java/security/PrivilegedActionException'> (0x000000071a116438) thrown at [/scratch/jenkins/workspace/8-2-build-linux-amd64/jdk8u261/295/hotspot/src/share/vm/prims/jvm.cpp, line 1512]
Event: 0.081 Thread 0x00007f46e400b800 Exception <a 'java/security/PrivilegedActionException'> (0x000000071a116648) thrown at [/scratch/jenkins/workspace/8-2-build-linux-amd64/jdk8u261/295/hotspot/src/share/vm/prims/jvm.cpp, line 1512]
Event: 0.173 Thread 0x00007f46e400b800 Implicit null exception at 0x00007f46d414f4f5 to 0x00007f46d414f705

Events (10 events):
Event: 0.227 loading class gov/nasa/jpf/constraints/util/ExpressionUtil
Event: 0.227 loading class gov/nasa/jpf/constraints/util/ExpressionUtil done
Event: 0.228 loading class com/microsoft/z3/ASTVector
Event: 0.228 loading class com/microsoft/z3/ASTVector done
Event: 0.229 loading class gov/nasa/jpf/constraints/solvers/nativez3/NativeZ3TojConstraintConverter
Event: 0.229 loading class gov/nasa/jpf/constraints/solvers/nativez3/NativeZ3TojConstraintConverter done
Event: 0.231 loading class gov/nasa/jpf/constraints/api/Valuation
Event: 0.231 loading class gov/nasa/jpf/constraints/api/Valuation done
Event: 0.231 loading class com/google/common/base/Function
Event: 0.231 loading class com/google/common/base/Function done


Dynamic libraries:
5cd200000-5e1f80000 rw-p 00000000 00:00 0 
5e1f80000-719b80000 ---p 00000000 00:00 0 
719b80000-724200000 rw-p 00000000 00:00 0 
724200000-7c0000000 ---p 00000000 00:00 0 
7c0000000-7c0100000 rw-p 00000000 00:00 0 
7c0100000-800000000 ---p 00000000 00:00 0 
55faf2e7d000-55faf2e7e000 r-xp 00000000 103:02 3539638                   /usr/local/jdk1.8/jre/bin/java
55faf307d000-55faf307e000 r--p 00000000 103:02 3539638                   /usr/local/jdk1.8/jre/bin/java
55faf307e000-55faf307f000 rw-p 00001000 103:02 3539638                   /usr/local/jdk1.8/jre/bin/java
55faf4cfd000-55faf4d1e000 rw-p 00000000 00:00 0                          [heap]
7f4670000000-7f4670021000 rw-p 00000000 00:00 0 
7f4670021000-7f4674000000 ---p 00000000 00:00 0 
7f4674000000-7f4674021000 rw-p 00000000 00:00 0 
7f4674021000-7f4678000000 ---p 00000000 00:00 0 
7f4678000000-7f46781b1000 rw-p 00000000 00:00 0 
7f46781b1000-7f467c000000 ---p 00000000 00:00 0 
7f467c000000-7f467c36a000 rw-p 00000000 00:00 0 
7f467c36a000-7f4680000000 ---p 00000000 00:00 0 
7f4680000000-7f4680185000 rw-p 00000000 00:00 0 
7f4680185000-7f4684000000 ---p 00000000 00:00 0 
7f4684000000-7f46841e7000 rw-p 00000000 00:00 0 
7f46841e7000-7f4688000000 ---p 00000000 00:00 0 
7f4688000000-7f4688021000 rw-p 00000000 00:00 0 
7f4688021000-7f468c000000 ---p 00000000 00:00 0 
7f468c000000-7f468c021000 rw-p 00000000 00:00 0 
7f468c021000-7f4690000000 ---p 00000000 00:00 0 
7f4690000000-7f4690021000 rw-p 00000000 00:00 0 
7f4690021000-7f4694000000 ---p 00000000 00:00 0 
7f4694000000-7f4694021000 rw-p 00000000 00:00 0 
7f4694021000-7f4698000000 ---p 00000000 00:00 0 
7f4698000000-7f4698021000 rw-p 00000000 00:00 0 
7f4698021000-7f469c000000 ---p 00000000 00:00 0 
7f469c000000-7f469c021000 rw-p 00000000 00:00 0 
7f469c021000-7f46a0000000 ---p 00000000 00:00 0 
7f46a0000000-7f46a0021000 rw-p 00000000 00:00 0 
7f46a0021000-7f46a4000000 ---p 00000000 00:00 0 
7f46a4000000-7f46a4021000 rw-p 00000000 00:00 0 
7f46a4021000-7f46a8000000 ---p 00000000 00:00 0 
7f46a8000000-7f46a8021000 rw-p 00000000 00:00 0 
7f46a8021000-7f46ac000000 ---p 00000000 00:00 0 
7f46b0000000-7f46b0021000 rw-p 00000000 00:00 0 
7f46b0021000-7f46b4000000 ---p 00000000 00:00 0 
7f46b40e6000-7f46b40fd000 r-xp 00000000 103:02 2621728                   /lib/x86_64-linux-gnu/libgcc_s.so.1
7f46b40fd000-7f46b42fc000 ---p 00017000 103:02 2621728                   /lib/x86_64-linux-gnu/libgcc_s.so.1
7f46b42fc000-7f46b42fd000 r--p 00016000 103:02 2621728                   /lib/x86_64-linux-gnu/libgcc_s.so.1
7f46b42fd000-7f46b42fe000 rw-p 00017000 103:02 2621728                   /lib/x86_64-linux-gnu/libgcc_s.so.1
7f46b42fe000-7f46b432c000 r-xp 00000000 103:02 4980846                   /usr/lib/x86_64-linux-gnu/libgomp.so.1.0.0
7f46b432c000-7f46b452b000 ---p 0002e000 103:02 4980846                   /usr/lib/x86_64-linux-gnu/libgomp.so.1.0.0
7f46b452b000-7f46b452c000 r--p 0002d000 103:02 4980846                   /usr/lib/x86_64-linux-gnu/libgomp.so.1.0.0
7f46b452c000-7f46b452d000 rw-p 0002e000 103:02 4980846                   /usr/lib/x86_64-linux-gnu/libgomp.so.1.0.0
7f46b452d000-7f46b46a6000 r-xp 00000000 103:02 4981236                   /usr/lib/x86_64-linux-gnu/libstdc++.so.6.0.25
7f46b46a6000-7f46b48a6000 ---p 00179000 103:02 4981236                   /usr/lib/x86_64-linux-gnu/libstdc++.so.6.0.25
7f46b48a6000-7f46b48b0000 r--p 00179000 103:02 4981236                   /usr/lib/x86_64-linux-gnu/libstdc++.so.6.0.25
7f46b48b0000-7f46b48b2000 rw-p 00183000 103:02 4981236                   /usr/lib/x86_64-linux-gnu/libstdc++.so.6.0.25
7f46b48b2000-7f46b48b6000 rw-p 00000000 00:00 0 
7f46b48b6000-7f46b58b4000 r-xp 00000000 103:02 2218467                   /home/lmx/Documents/jpf8/z3-4.4.1/build/libz3.so
7f46b58b4000-7f46b5ab4000 ---p 00ffe000 103:02 2218467                   /home/lmx/Documents/jpf8/z3-4.4.1/build/libz3.so
7f46b5ab4000-7f46b5ad3000 r--p 00ffe000 103:02 2218467                   /home/lmx/Documents/jpf8/z3-4.4.1/build/libz3.so
7f46b5ad3000-7f46b5ad6000 rw-p 0101d000 103:02 2218467                   /home/lmx/Documents/jpf8/z3-4.4.1/build/libz3.so
7f46b5ad6000-7f46b5ad7000 rw-p 00000000 00:00 0 
7f46b5ad7000-7f46b5aff000 r-xp 00000000 103:02 2218469                   /home/lmx/Documents/jpf8/z3-4.4.1/build/libz3java.so
7f46b5aff000-7f46b5cff000 ---p 00028000 103:02 2218469                   /home/lmx/Documents/jpf8/z3-4.4.1/build/libz3java.so
7f46b5cff000-7f46b5d00000 r--p 00028000 103:02 2218469                   /home/lmx/Documents/jpf8/z3-4.4.1/build/libz3java.so
7f46b5d00000-7f46b5d02000 rw-p 00029000 103:02 2218469                   /home/lmx/Documents/jpf8/z3-4.4.1/build/libz3java.so
7f46b5d02000-7f46b5d03000 ---p 00000000 00:00 0 
7f46b5d03000-7f46b5e03000 rw-p 00000000 00:00 0 
7f46b5e03000-7f46b5e06000 ---p 00000000 00:00 0 
7f46b5e06000-7f46b5f04000 rw-p 00000000 00:00 0 
7f46b5f04000-7f46b5f05000 ---p 00000000 00:00 0 
7f46b5f05000-7f46b5f08000 ---p 00000000 00:00 0 
7f46b5f08000-7f46b6005000 rw-p 00000000 00:00 0 
7f46b6005000-7f46b6006000 ---p 00000000 00:00 0 
7f46b6006000-7f46b6009000 ---p 00000000 00:00 0 
7f46b6009000-7f46b6106000 rw-p 00000000 00:00 0 
7f46b6106000-7f46b6107000 ---p 00000000 00:00 0 
7f46b6107000-7f46b610a000 ---p 00000000 00:00 0 
7f46b610a000-7f46b6207000 rw-p 00000000 00:00 0 
7f46b6207000-7f46b6208000 ---p 00000000 00:00 0 
7f46b6208000-7f46b620b000 ---p 00000000 00:00 0 
7f46b620b000-7f46b6308000 rw-p 00000000 00:00 0 
7f46b6308000-7f46b630b000 ---p 00000000 00:00 0 
7f46b630b000-7f46b6409000 rw-p 00000000 00:00 0 
7f46b6409000-7f46b66e7000 r--p 00000000 103:02 4981391                   /usr/lib/locale/locale-archive
7f46b66e7000-7f46b66ea000 ---p 00000000 00:00 0 
7f46b66ea000-7f46b67e8000 rw-p 00000000 00:00 0 
7f46b67e8000-7f46b67eb000 ---p 00000000 00:00 0 
7f46b67eb000-7f46b68e9000 rw-p 00000000 00:00 0 
7f46b68e9000-7f46b68ea000 ---p 00000000 00:00 0 
7f46b68ea000-7f46b8000000 rw-p 00000000 00:00 0 
7f46b8000000-7f46b8021000 rw-p 00000000 00:00 0 
7f46b8021000-7f46bc000000 ---p 00000000 00:00 0 
7f46bc0b0000-7f46bc4b4000 rw-p 00000000 00:00 0 
7f46bc4b4000-7f46bc690000 r--s 03e04000 103:02 3539590                   /usr/local/jdk1.8/jre/lib/rt.jar
7f46bc690000-7f46cc000000 rw-p 00000000 00:00 0 
7f46cc000000-7f46cc021000 rw-p 00000000 00:00 0 
7f46cc021000-7f46d0000000 ---p 00000000 00:00 0 
7f46d0019000-7f46d0035000 r--s 00393000 103:02 3539352                   /usr/local/jdk1.8/jre/lib/ext/cldrdata.jar
7f46d0035000-7f46d003f000 r--s 00116000 103:02 3539362                   /usr/local/jdk1.8/jre/lib/ext/localedata.jar
7f46d003f000-7f46d0042000 r--s 00024000 103:02 806786                    /home/lmx/.jconstraints/extensions/com.microsoft.z3.jar
7f46d0042000-7f46d0053000 r--s 001c0000 103:02 3539349                   /usr/local/jdk1.8/jre/lib/jsse.jar
7f46d0053000-7f46d0055000 r--s 00006000 103:02 3146441                   /home/lmx/.m2/repository/org/apache/maven/shared/maven-common-artifact-filters/1.3/maven-common-artifact-filters-1.3.jar
7f46d0055000-7f46d005b000 r--s 00048000 103:02 3020050                   /home/lmx/.m2/repository/org/apache/commons/commons-lang3/3.1/commons-lang3-3.1.jar
7f46d005b000-7f46d005d000 r--s 00008000 103:02 3146310                   /home/lmx/.m2/repository/org/apache/maven/maven-toolchain/2.0.9/maven-toolchain-2.0.9.jar
7f46d005d000-7f46d005e000 r--s 00002000 103:02 3147143                   /home/lmx/.m2/repository/org/apache/maven/maven-monitor/2.0.9/maven-monitor-2.0.9.jar
7f46d005e000-7f46d0060000 r--s 00008000 103:02 3146941                   /home/lmx/.m2/repository/org/apache/maven/maven-plugin-descriptor/2.0.9/maven-plugin-descriptor-2.0.9.jar
7f46d0060000-7f46d0089000 r--s 001ee000 103:02 3151742                   /home/lmx/.m2/repository/com/google/guava/guava/14.0.1/guava-14.0.1.jar
7f46d0089000-7f46d0900000 rw-p 00000000 00:00 0 
7f46d0900000-7f46d0a00000 ---p 00000000 00:00 0 
7f46d0a00000-7f46d1997000 rw-p 00000000 00:00 0 
7f46d1997000-7f46d1998000 ---p 00000000 00:00 0 
7f46d1998000-7f46d1a98000 rw-p 00000000 00:00 0 
7f46d1a98000-7f46d1a99000 ---p 00000000 00:00 0 
7f46d1a99000-7f46d1b99000 rw-p 00000000 00:00 0 
7f46d1b99000-7f46d1b9a000 ---p 00000000 00:00 0 
7f46d1b9a000-7f46d1c9a000 rw-p 00000000 00:00 0 
7f46d1c9a000-7f46d1c9b000 ---p 00000000 00:00 0 
7f46d1c9b000-7f46d1d9b000 rw-p 00000000 00:00 0 
7f46d1d9b000-7f46d1d9c000 ---p 00000000 00:00 0 
7f46d1d9c000-7f46d1e9c000 rw-p 00000000 00:00 0 
7f46d1e9c000-7f46d1e9d000 ---p 00000000 00:00 0 
7f46d1e9d000-7f46d1f9d000 rw-p 00000000 00:00 0 
7f46d1f9d000-7f46d1f9e000 ---p 00000000 00:00 0 
7f46d1f9e000-7f46d209e000 rw-p 00000000 00:00 0 
7f46d209e000-7f46d209f000 ---p 00000000 00:00 0 
7f46d209f000-7f46d2246000 rw-p 00000000 00:00 0 
7f46d2246000-7f46d2c04000 ---p 00000000 00:00 0 
7f46d2c04000-7f46d2cab000 rw-p 00000000 00:00 0 
7f46d2cab000-7f46d3668000 ---p 00000000 00:00 0 
7f46d3668000-7f46d36bc000 rw-p 00000000 00:00 0 
7f46d36bc000-7f46d3b9b000 ---p 00000000 00:00 0 
7f46d3b9b000-7f46d3ba7000 rw-p 00000000 00:00 0 
7f46d3ba7000-7f46d3f5c000 ---p 00000000 00:00 0 
7f46d3f5c000-7f46d420c000 rwxp 00000000 00:00 0 
7f46d420c000-7f46e2f5c000 ---p 00000000 00:00 0 
7f46e2f5c000-7f46e2f77000 r-xp 00000000 103:02 3539551                   /usr/local/jdk1.8/jre/lib/amd64/libzip.so
7f46e2f77000-7f46e3176000 ---p 0001b000 103:02 3539551                   /usr/local/jdk1.8/jre/lib/amd64/libzip.so
7f46e3176000-7f46e3177000 r--p 0001a000 103:02 3539551                   /usr/local/jdk1.8/jre/lib/amd64/libzip.so
7f46e3177000-7f46e3178000 rw-p 0001b000 103:02 3539551                   /usr/local/jdk1.8/jre/lib/amd64/libzip.so
7f46e3178000-7f46e3183000 r-xp 00000000 103:02 2636954                   /lib/x86_64-linux-gnu/libnss_files-2.27.so
7f46e3183000-7f46e3382000 ---p 0000b000 103:02 2636954                   /lib/x86_64-linux-gnu/libnss_files-2.27.so
7f46e3382000-7f46e3383000 r--p 0000a000 103:02 2636954                   /lib/x86_64-linux-gnu/libnss_files-2.27.so
7f46e3383000-7f46e3384000 rw-p 0000b000 103:02 2636954                   /lib/x86_64-linux-gnu/libnss_files-2.27.so
7f46e3384000-7f46e338a000 rw-p 00000000 00:00 0 
7f46e338a000-7f46e33a1000 r-xp 00000000 103:02 2636951                   /lib/x86_64-linux-gnu/libnsl-2.27.so
7f46e33a1000-7f46e35a0000 ---p 00017000 103:02 2636951                   /lib/x86_64-linux-gnu/libnsl-2.27.so
7f46e35a0000-7f46e35a1000 r--p 00016000 103:02 2636951                   /lib/x86_64-linux-gnu/libnsl-2.27.so
7f46e35a1000-7f46e35a2000 rw-p 00017000 103:02 2636951                   /lib/x86_64-linux-gnu/libnsl-2.27.so
7f46e35a2000-7f46e35a4000 rw-p 00000000 00:00 0 
7f46e35a4000-7f46e35af000 r-xp 00000000 103:02 2636956                   /lib/x86_64-linux-gnu/libnss_nis-2.27.so
7f46e35af000-7f46e37ae000 ---p 0000b000 103:02 2636956                   /lib/x86_64-linux-gnu/libnss_nis-2.27.so
7f46e37ae000-7f46e37af000 r--p 0000a000 103:02 2636956                   /lib/x86_64-linux-gnu/libnss_nis-2.27.so
7f46e37af000-7f46e37b0000 rw-p 0000b000 103:02 2636956                   /lib/x86_64-linux-gnu/libnss_nis-2.27.so
7f46e37b0000-7f46e37b8000 r-xp 00000000 103:02 2636952                   /lib/x86_64-linux-gnu/libnss_compat-2.27.so
7f46e37b8000-7f46e39b8000 ---p 00008000 103:02 2636952                   /lib/x86_64-linux-gnu/libnss_compat-2.27.so
7f46e39b8000-7f46e39b9000 r--p 00008000 103:02 2636952                   /lib/x86_64-linux-gnu/libnss_compat-2.27.so
7f46e39b9000-7f46e39ba000 rw-p 00009000 103:02 2636952                   /lib/x86_64-linux-gnu/libnss_compat-2.27.so
7f46e39ba000-7f46e39e6000 r-xp 00000000 103:02 3539562                   /usr/local/jdk1.8/jre/lib/amd64/libjava.so
7f46e39e6000-7f46e3be6000 ---p 0002c000 103:02 3539562                   /usr/local/jdk1.8/jre/lib/amd64/libjava.so
7f46e3be6000-7f46e3be7000 r--p 0002c000 103:02 3539562                   /usr/local/jdk1.8/jre/lib/amd64/libjava.so
7f46e3be7000-7f46e3be9000 rw-p 0002d000 103:02 3539562                   /usr/local/jdk1.8/jre/lib/amd64/libjava.so
7f46e3be9000-7f46e3bf6000 r-xp 00000000 103:02 3539563                   /usr/local/jdk1.8/jre/lib/amd64/libverify.so
7f46e3bf6000-7f46e3df5000 ---p 0000d000 103:02 3539563                   /usr/local/jdk1.8/jre/lib/amd64/libverify.so
7f46e3df5000-7f46e3df7000 r--p 0000c000 103:02 3539563                   /usr/local/jdk1.8/jre/lib/amd64/libverify.so
7f46e3df7000-7f46e3df8000 rw-p 0000e000 103:02 3539563                   /usr/local/jdk1.8/jre/lib/amd64/libverify.so
7f46e3df8000-7f46e3dff000 r-xp 00000000 103:02 2636961                   /lib/x86_64-linux-gnu/librt-2.27.so
7f46e3dff000-7f46e3ffe000 ---p 00007000 103:02 2636961                   /lib/x86_64-linux-gnu/librt-2.27.so
7f46e3ffe000-7f46e3fff000 r--p 00006000 103:02 2636961                   /lib/x86_64-linux-gnu/librt-2.27.so
7f46e3fff000-7f46e4000000 rw-p 00007000 103:02 2636961                   /lib/x86_64-linux-gnu/librt-2.27.so
7f46e4000000-7f46e4ce4000 rw-p 00000000 00:00 0 
7f46e4ce4000-7f46e8000000 ---p 00000000 00:00 0 
7f46e8000000-7f46e8002000 r--s 00002000 103:02 3147372                   /home/lmx/.m2/repository/org/apache/maven/maven-error-diagnostics/2.0.9/maven-error-diagnostics-2.0.9.jar
7f46e8002000-7f46e8003000 r--s 00002000 103:02 3020235                   /home/lmx/.m2/repository/org/apache/maven/reporting/maven-reporting-api/2.0.9/maven-reporting-api-2.0.9.jar
7f46e8003000-7f46e8005000 r--s 00004000 103:02 3020512                   /home/lmx/.m2/repository/org/apache/maven/maven-plugin-parameter-documenter/2.0.9/maven-plugin-parameter-documenter-2.0.9.jar
7f46e8005000-7f46e8008000 r--s 00024000 103:02 3146966                   /home/lmx/.m2/repository/org/apache/maven/maven-core/2.0.9/maven-core-2.0.9.jar
7f46e8008000-7f46e800a000 r--s 00006000 103:02 3146656                   /home/lmx/.m2/repository/org/apache/maven/maven-plugin-registry/2.0.9/maven-plugin-registry-2.0.9.jar
7f46e800a000-7f46e800c000 r--s 0000a000 103:02 4605812                   /home/lmx/.m2/repository/org/apache/maven/wagon/wagon-provider-api/1.0-beta-2/wagon-provider-api-1.0-beta-2.jar
7f46e800c000-7f46e800d000 r--s 00005000 103:02 3147260                   /home/lmx/.m2/repository/org/apache/maven/maven-repository-metadata/2.0.9/maven-repository-metadata-2.0.9.jar
7f46e800d000-7f46e800f000 r--s 0000d000 103:02 3020279                   /home/lmx/.m2/repository/org/apache/maven/maven-artifact-manager/2.0.9/maven-artifact-manager-2.0.9.jar
7f46e800f000-7f46e8016000 r--s 00029000 103:02 3019082                   /home/lmx/.m2/repository/org/codehaus/plexus/plexus-container-default/1.0-alpha-9-stable-1/plexus-container-default-1.0-alpha-9-stable-1.jar
7f46e8016000-7f46e80c1000 rw-p 00000000 00:00 0 
7f46e80c1000-7f46e825e000 r-xp 00000000 103:02 2636948                   /lib/x86_64-linux-gnu/libm-2.27.so
7f46e825e000-7f46e845d000 ---p 0019d000 103:02 2636948                   /lib/x86_64-linux-gnu/libm-2.27.so
7f46e845d000-7f46e845e000 r--p 0019c000 103:02 2636948                   /lib/x86_64-linux-gnu/libm-2.27.so
7f46e845e000-7f46e845f000 rw-p 0019d000 103:02 2636948                   /lib/x86_64-linux-gnu/libm-2.27.so
7f46e845f000-7f46e9153000 r-xp 00000000 103:02 3539529                   /usr/local/jdk1.8/jre/lib/amd64/server/libjvm.so
7f46e9153000-7f46e9352000 ---p 00cf4000 103:02 3539529                   /usr/local/jdk1.8/jre/lib/amd64/server/libjvm.so
7f46e9352000-7f46e93e8000 r--p 00cf3000 103:02 3539529                   /usr/local/jdk1.8/jre/lib/amd64/server/libjvm.so
7f46e93e8000-7f46e9419000 rw-p 00d89000 103:02 3539529                   /usr/local/jdk1.8/jre/lib/amd64/server/libjvm.so
7f46e9419000-7f46e9454000 rw-p 00000000 00:00 0 
7f46e9454000-7f46e963b000 r-xp 00000000 103:02 2636944                   /lib/x86_64-linux-gnu/libc-2.27.so
7f46e963b000-7f46e983b000 ---p 001e7000 103:02 2636944                   /lib/x86_64-linux-gnu/libc-2.27.so
7f46e983b000-7f46e983f000 r--p 001e7000 103:02 2636944                   /lib/x86_64-linux-gnu/libc-2.27.so
7f46e983f000-7f46e9841000 rw-p 001eb000 103:02 2636944                   /lib/x86_64-linux-gnu/libc-2.27.so
7f46e9841000-7f46e9845000 rw-p 00000000 00:00 0 
7f46e9845000-7f46e9848000 r-xp 00000000 103:02 2636947                   /lib/x86_64-linux-gnu/libdl-2.27.so
7f46e9848000-7f46e9a47000 ---p 00003000 103:02 2636947                   /lib/x86_64-linux-gnu/libdl-2.27.so
7f46e9a47000-7f46e9a48000 r--p 00002000 103:02 2636947                   /lib/x86_64-linux-gnu/libdl-2.27.so
7f46e9a48000-7f46e9a49000 rw-p 00003000 103:02 2636947                   /lib/x86_64-linux-gnu/libdl-2.27.so
7f46e9a49000-7f46e9a60000 r-xp 00000000 103:02 3539556                   /usr/local/jdk1.8/jre/lib/amd64/jli/libjli.so
7f46e9a60000-7f46e9c5f000 ---p 00017000 103:02 3539556                   /usr/local/jdk1.8/jre/lib/amd64/jli/libjli.so
7f46e9c5f000-7f46e9c60000 r--p 00016000 103:02 3539556                   /usr/local/jdk1.8/jre/lib/amd64/jli/libjli.so
7f46e9c60000-7f46e9c61000 rw-p 00017000 103:02 3539556                   /usr/local/jdk1.8/jre/lib/amd64/jli/libjli.so
7f46e9c61000-7f46e9c7b000 r-xp 00000000 103:02 2636959                   /lib/x86_64-linux-gnu/libpthread-2.27.so
7f46e9c7b000-7f46e9e7a000 ---p 0001a000 103:02 2636959                   /lib/x86_64-linux-gnu/libpthread-2.27.so
7f46e9e7a000-7f46e9e7b000 r--p 00019000 103:02 2636959                   /lib/x86_64-linux-gnu/libpthread-2.27.so
7f46e9e7b000-7f46e9e7c000 rw-p 0001a000 103:02 2636959                   /lib/x86_64-linux-gnu/libpthread-2.27.so
7f46e9e7c000-7f46e9e80000 rw-p 00000000 00:00 0 
7f46e9e80000-7f46e9ea9000 r-xp 00000000 103:02 2621731                   /lib/x86_64-linux-gnu/ld-2.27.so
7f46e9ea9000-7f46e9eab000 r--s 00007000 103:02 3146338                   /home/lmx/.m2/repository/org/apache/maven/maven-profile/2.0.9/maven-profile-2.0.9.jar
7f46e9eab000-7f46e9ead000 r--s 00008000 103:02 3148355                   /home/lmx/.m2/repository/classworlds/classworlds/1.1/classworlds-1.1.jar
7f46e9ead000-7f46e9eaf000 r--s 00014000 103:02 3146695                   /home/lmx/.m2/repository/org/apache/maven/maven-model/2.0.9/maven-model-2.0.9.jar
7f46e9eaf000-7f46e9eb0000 r--s 0000b000 103:02 3147324                   /home/lmx/.m2/repository/org/apache/maven/maven-settings/2.0.9/maven-settings-2.0.9.jar
7f46e9eb0000-7f46e9eb3000 r--s 0001b000 103:02 3146595                   /home/lmx/.m2/repository/org/apache/maven/maven-project/2.0.9/maven-project-2.0.9.jar
7f46e9eb3000-7f46e9eb5000 r--s 00002000 103:02 3146928                   /home/lmx/.m2/repository/org/apache/maven/plugin-tools/maven-plugin-annotations/3.1/maven-plugin-annotations-3.1.jar
7f46e9eb5000-7f46e9eb7000 r--s 00002000 103:02 3146860                   /home/lmx/.m2/repository/org/apache/maven/maven-plugin-api/2.0.9/maven-plugin-api-2.0.9.jar
7f46e9eb7000-7f46e9ebc000 r--s 0003c000 103:02 3020375                   /home/lmx/.m2/repository/org/apache/maven/surefire/maven-surefire-common/2.12.4/maven-surefire-common-2.12.4.jar
7f46e9ebc000-7f46e9ebe000 r--s 00026000 103:02 3022207                   /home/lmx/.m2/repository/org/codehaus/plexus/plexus-utils/1.0.4/plexus-utils-1.0.4.jar
7f46e9ebe000-7f46e9ec2000 r--s 00010000 103:02 5768648                   /home/lmx/.m2/repository/org/apache/maven/maven-artifact/2.0/maven-artifact-2.0.jar
7f46e9ec2000-7f46e9ec4000 r--s 00007000 103:02 3026531                   /home/lmx/.m2/repository/org/apache/maven/surefire/surefire-testng/2.12.4/surefire-testng-2.12.4.jar
7f46e9ec4000-7f46e9ec6000 r--s 00008000 103:02 3026533                   /home/lmx/.m2/repository/org/apache/maven/surefire/surefire-grouper/2.12.4/surefire-grouper-2.12.4.jar
7f46e9ec6000-7f46e9ec9000 r--s 00024000 103:02 3159327                   /home/lmx/.m2/repository/com/microsoft/z3/4.4.1/z3-4.4.1.jar
7f46e9ec9000-7f46e9ecc000 r--s 00026000 103:02 3026479                   /home/lmx/.m2/repository/org/antlr/antlr-runtime/3.5.2/antlr-runtime-3.5.2.jar
7f46e9ecc000-7f46e9ed3000 r--s 0003d000 103:02 2884342                   /home/lmx/.m2/repository/gov/nasa/jconstraints/0.9.2-SNAPSHOT/jconstraints-0.9.2-SNAPSHOT.jar
7f46e9ed3000-7f46e9ed9000 r--s 00033000 103:02 3024136                   /home/lmx/.m2/repository/org/yaml/snakeyaml/1.6/snakeyaml-1.6.jar
7f46e9ed9000-7f46e9ede000 r--s 00040000 103:02 3022789                   /home/lmx/.m2/repository/org/beanshell/bsh/2.0b4/bsh-2.0b4.jar
7f46e9ede000-7f46e9eeb000 r--s 000ba000 103:02 3026480                   /home/lmx/.m2/repository/org/testng/testng/6.8/testng-6.8.jar
7f46e9eeb000-7f46e9f87000 rw-p 00000000 00:00 0 
7f46e9f87000-7f46e9f88000 ---p 00000000 00:00 0 
7f46e9f88000-7f46e9f8b000 ---p 00000000 00:00 0 
7f46e9f8b000-7f46ea08a000 rw-p 00000000 00:00 0 
7f46ea08a000-7f46ea08b000 r--s 00005000 103:02 3026529                   /home/lmx/.m2/repository/org/apache/maven/surefire/surefire-testng-utils/2.12.4/surefire-testng-utils-2.12.4.jar
7f46ea08b000-7f46ea08d000 r--s 0000c000 103:02 3159207                   /home/lmx/.m2/repository/com/beust/jcommander/1.27/jcommander-1.27.jar
7f46ea08d000-7f46ea08f000 r--s 00011000 103:02 3016155                   /home/lmx/.m2/repository/org/hamcrest/hamcrest-core/1.1/hamcrest-core-1.1.jar
7f46ea08f000-7f46ea096000 r--s 00037000 103:02 3016034                   /home/lmx/.m2/repository/junit/junit/4.10/junit-4.10.jar
7f46ea096000-7f46ea09a000 r--s 00019000 103:02 3020400                   /home/lmx/.m2/repository/org/apache/maven/surefire/surefire-api/2.12.4/surefire-api-2.12.4.jar
7f46ea09a000-7f46ea09c000 r--s 00007000 103:02 3020424                   /home/lmx/.m2/repository/org/apache/maven/surefire/surefire-booter/2.12.4/surefire-booter-2.12.4.jar
7f46ea09c000-7f46ea09d000 r--s 00000000 103:02 806840                    /home/lmx/Documents/jpf8/jconstraints-z3/target/surefire/surefirebooter4527153987784248717.jar
7f46ea09d000-7f46ea0a5000 rw-s 00000000 103:02 8793269                   /tmp/hsperfdata_lmx/6330
7f46ea0a5000-7f46ea0a6000 rw-p 00000000 00:00 0 
7f46ea0a6000-7f46ea0a7000 r--p 00000000 00:00 0 
7f46ea0a7000-7f46ea0a9000 rw-p 00000000 00:00 0 
7f46ea0a9000-7f46ea0aa000 r--p 00029000 103:02 2621731                   /lib/x86_64-linux-gnu/ld-2.27.so
7f46ea0aa000-7f46ea0ab000 rw-p 0002a000 103:02 2621731                   /lib/x86_64-linux-gnu/ld-2.27.so
7f46ea0ab000-7f46ea0ac000 rw-p 00000000 00:00 0 
7ffdb7c3d000-7ffdb7c5f000 rw-p 00000000 00:00 0                          [stack]
7ffdb7cf3000-7ffdb7cf6000 r--p 00000000 00:00 0                          [vvar]
7ffdb7cf6000-7ffdb7cf7000 r-xp 00000000 00:00 0                          [vdso]
ffffffffff600000-ffffffffff601000 --xp 00000000 00:00 0                  [vsyscall]

VM Arguments:
java_command: /home/lmx/Documents/jpf8/jconstraints-z3/target/surefire/surefirebooter4527153987784248717.jar /home/lmx/Documents/jpf8/jconstraints-z3/target/surefire/surefire6933824996027273674tmp /home/lmx/Documents/jpf8/jconstraints-z3/target/surefire/surefire_04012244132078316928tmp
java_class_path (initial): /home/lmx/Documents/jpf8/jconstraints-z3/target/surefire/surefirebooter4527153987784248717.jar
Launcher Type: SUN_STANDARD

Environment Variables:
JAVA_HOME=/usr/local/jdk1.8
JRE_HOME=/usr/local/jdk1.8/jre
CLASSPATH=/home/lmx/Documents/jpf8/z3-4.4.1/build:/usr/local/jdk1.8/lib:/usr/local/jdk1.8/jre/lib:/home/lmx/aspectj1.8/lib/aspectjrt.jar:/home/lmx/aspectj1.8/lib/aspectjtools.jar:/home/lmx/Documents/GitHub/JQF-Typestate-Benchmarks/rv-monitor/target/release/rv-monitor/lib/rv-monitor.jar:/home/lmx/Documents/GitHub/JQF-Typestate-Benchmarks/rv-monitor/target/release/rv-monitor/lib/rv-monitor-rt.jar:
PATH=/home/lmx/Documents/jpf8/z3-4.4.1/build:/home/lmx/groovy-4.0.0-alpha-3/bin:/usr/local/jdk1.8/bin:/home/lmx/aspectj1.8/bin:/home/lmx/rv-monitor/bin:/home/lmx/javamop/bin:/home/lmx/z3/build:/home/lmx/apache-ant-1.9.14/bin:/usr/local/maven-3.6.3/bin:/home/lmx/build/bin:/opt/gradle/gradle-6.6.1/bin:{RVMonitor_HOME}/bin:/home/lmx/.local/bin:/usr/local/sbin:/usr/local/bin:/usr/sbin:/usr/bin:/sbin:/bin:/usr/games:/usr/local/games:/snap/bin
USERNAME=lmx
LD_LIBRARY_PATH=/home/lmx/Documents/jpf8/z3-4.4.1/build
SHELL=/bin/bash
DISPLAY=:0

Signal Handlers:
SIGSEGV: [libjvm.so+0xade140], sa_mask[0]=11111111011111111101111111111110, sa_flags=SA_RESTART|SA_SIGINFO
SIGBUS: [libjvm.so+0xade140], sa_mask[0]=11111111011111111101111111111110, sa_flags=SA_RESTART|SA_SIGINFO
SIGFPE: [libjvm.so+0x912c70], sa_mask[0]=11111111011111111101111111111110, sa_flags=SA_RESTART|SA_SIGINFO
SIGPIPE: [libjvm.so+0x912c70], sa_mask[0]=11111111011111111101111111111110, sa_flags=SA_RESTART|SA_SIGINFO
SIGXFSZ: [libjvm.so+0x912c70], sa_mask[0]=11111111011111111101111111111110, sa_flags=SA_RESTART|SA_SIGINFO
SIGILL: [libjvm.so+0x912c70], sa_mask[0]=11111111011111111101111111111110, sa_flags=SA_RESTART|SA_SIGINFO
SIGUSR1: SIG_DFL, sa_mask[0]=00000000000000000000000000000000, sa_flags=none
SIGUSR2: [libjvm.so+0x912b40], sa_mask[0]=00100000000000000000000000000000, sa_flags=SA_RESTART|SA_SIGINFO
SIGHUP: [libjvm.so+0x913160], sa_mask[0]=11111111011111111101111111111110, sa_flags=SA_RESTART|SA_SIGINFO
SIGINT: [libjvm.so+0x913160], sa_mask[0]=11111111011111111101111111111110, sa_flags=SA_RESTART|SA_SIGINFO
SIGTERM: [libjvm.so+0x913160], sa_mask[0]=11111111011111111101111111111110, sa_flags=SA_RESTART|SA_SIGINFO
SIGQUIT: [libjvm.so+0x913160], sa_mask[0]=11111111011111111101111111111110, sa_flags=SA_RESTART|SA_SIGINFO


---------------  S Y S T E M  ---------------

OS:DISTRIB_ID=Ubuntu
DISTRIB_RELEASE=18.04
DISTRIB_CODENAME=bionic
DISTRIB_DESCRIPTION="Ubuntu 18.04.5 LTS"

uname:Linux 5.4.0-99-generic #112~18.04.1-Ubuntu SMP Thu Feb 3 14:09:57 UTC 2022 x86_64
libc:glibc 2.27 NPTL 2.27 
rlimit: STACK infinity, CORE 0k, NPROC 127508, NOFILE 4096, AS infinity
load average:0.33 0.41 0.47

/proc/meminfo:
MemTotal:       32692176 kB
MemFree:        19601628 kB
MemAvailable:   25917552 kB
Buffers:          210668 kB
Cached:          6633356 kB
SwapCached:            0 kB
Active:          7799108 kB
Inactive:        2992672 kB
Active(anon):    4890148 kB
Inactive(anon):    36364 kB
Active(file):    2908960 kB
Inactive(file):  2956308 kB
Unevictable:      948872 kB
Mlocked:              16 kB
SwapTotal:       2097148 kB
SwapFree:        2097148 kB
Dirty:               368 kB
Writeback:             0 kB
AnonPages:       4896596 kB
Mapped:           969808 kB
Shmem:            989432 kB
KReclaimable:     916048 kB
Slab:            1116744 kB
SReclaimable:     916048 kB
SUnreclaim:       200696 kB
KernelStack:       22592 kB
PageTables:        71180 kB
NFS_Unstable:          0 kB
Bounce:                0 kB
WritebackTmp:          0 kB
CommitLimit:    18443236 kB
Committed_AS:   13398036 kB
VmallocTotal:   34359738367 kB
VmallocUsed:       51632 kB
VmallocChunk:          0 kB
Percpu:             7584 kB
HardwareCorrupted:     0 kB
AnonHugePages:         0 kB
ShmemHugePages:        0 kB
ShmemPmdMapped:        0 kB
FileHugePages:         0 kB
FilePmdMapped:         0 kB
CmaTotal:              0 kB
CmaFree:               0 kB
HugePages_Total:       0
HugePages_Free:        0
HugePages_Rsvd:        0
HugePages_Surp:        0
Hugepagesize:       2048 kB
Hugetlb:               0 kB
DirectMap4k:      459080 kB
DirectMap2M:    15079424 kB
DirectMap1G:    17825792 kB

container (cgroup) information:
container_type: cgroupv1
cpu_cpuset_cpus: 0-7
cpu_memory_nodes: 0
active_processor_count: 8
cpu_quota: -1
cpu_period: 100000
cpu_shares: -1
memory_limit_in_bytes: -1
memory_and_swap_limit_in_bytes: -2
memory_soft_limit_in_bytes: -1
memory_usage_in_bytes: 9867984896
memory_max_usage_in_bytes: 11249655808


CPU:total 8 (initial active 8) (8 cores per cpu, 1 threads per core) family 6 model 158 stepping 13, cmov, cx8, fxsr, mmx, sse, sse2, sse3, ssse3, sse4.1, sse4.2, popcnt, avx, avx2, aes, clmul, erms, 3dnowpref, lzcnt, tsc, tscinvbit, bmi1, bmi2, adx

/proc/cpuinfo:
processor	: 0
vendor_id	: GenuineIntel
cpu family	: 6
model		: 158
model name	: Intel(R) Core(TM) i7-9700 CPU @ 3.00GHz
stepping	: 13
microcode	: 0xea
cpu MHz		: 4005.493
cache size	: 12288 KB
physical id	: 0
siblings	: 8
core id		: 0
cpu cores	: 8
apicid		: 0
initial apicid	: 0
fpu		: yes
fpu_exception	: yes
cpuid level	: 22
wp		: yes
flags		: fpu vme de pse tsc msr pae mce cx8 apic sep mtrr pge mca cmov pat pse36 clflush dts acpi mmx fxsr sse sse2 ss ht tm pbe syscall nx pdpe1gb rdtscp lm constant_tsc art arch_perfmon pebs bts rep_good nopl xtopology nonstop_tsc cpuid aperfmperf pni pclmulqdq dtes64 monitor ds_cpl vmx smx est tm2 ssse3 sdbg fma cx16 xtpr pdcm pcid sse4_1 sse4_2 x2apic movbe popcnt tsc_deadline_timer aes xsave avx f16c rdrand lahf_lm abm 3dnowprefetch cpuid_fault epb invpcid_single ssbd ibrs ibpb stibp ibrs_enhanced tpr_shadow vnmi flexpriority ept vpid ept_ad fsgsbase tsc_adjust bmi1 avx2 smep bmi2 erms invpcid mpx rdseed adx smap clflushopt intel_pt xsaveopt xsavec xgetbv1 xsaves dtherm ida arat pln pts hwp hwp_notify hwp_act_window hwp_epp md_clear flush_l1d arch_capabilities
bugs		: spectre_v1 spectre_v2 spec_store_bypass swapgs taa itlb_multihit srbds
bogomips	: 6000.00
clflush size	: 64
cache_alignment	: 64
address sizes	: 39 bits physical, 48 bits virtual
power management:

processor	: 1
vendor_id	: GenuineIntel
cpu family	: 6
model		: 158
model name	: Intel(R) Core(TM) i7-9700 CPU @ 3.00GHz
stepping	: 13
microcode	: 0xea
cpu MHz		: 4499.583
cache size	: 12288 KB
physical id	: 0
siblings	: 8
core id		: 1
cpu cores	: 8
apicid		: 2
initial apicid	: 2
fpu		: yes
fpu_exception	: yes
cpuid level	: 22
wp		: yes
flags		: fpu vme de pse tsc msr pae mce cx8 apic sep mtrr pge mca cmov pat pse36 clflush dts acpi mmx fxsr sse sse2 ss ht tm pbe syscall nx pdpe1gb rdtscp lm constant_tsc art arch_perfmon pebs bts rep_good nopl xtopology nonstop_tsc cpuid aperfmperf pni pclmulqdq dtes64 monitor ds_cpl vmx smx est tm2 ssse3 sdbg fma cx16 xtpr pdcm pcid sse4_1 sse4_2 x2apic movbe popcnt tsc_deadline_timer aes xsave avx f16c rdrand lahf_lm abm 3dnowprefetch cpuid_fault epb invpcid_single ssbd ibrs ibpb stibp ibrs_enhanced tpr_shadow vnmi flexpriority ept vpid ept_ad fsgsbase tsc_adjust bmi1 avx2 smep bmi2 erms invpcid mpx rdseed adx smap clflushopt intel_pt xsaveopt xsavec xgetbv1 xsaves dtherm ida arat pln pts hwp hwp_notify hwp_act_window hwp_epp md_clear flush_l1d arch_capabilities
bugs		: spectre_v1 spectre_v2 spec_store_bypass swapgs taa itlb_multihit srbds
bogomips	: 6000.00
clflush size	: 64
cache_alignment	: 64
address sizes	: 39 bits physical, 48 bits virtual
power management:

processor	: 2
vendor_id	: GenuineIntel
cpu family	: 6
model		: 158
model name	: Intel(R) Core(TM) i7-9700 CPU @ 3.00GHz
stepping	: 13
microcode	: 0xea
cpu MHz		: 4499.130
cache size	: 12288 KB
physical id	: 0
siblings	: 8
core id		: 2
cpu cores	: 8
apicid		: 4
initial apicid	: 4
fpu		: yes
fpu_exception	: yes
cpuid level	: 22
wp		: yes
flags		: fpu vme de pse tsc msr pae mce cx8 apic sep mtrr pge mca cmov pat pse36 clflush dts acpi mmx fxsr sse sse2 ss ht tm pbe syscall nx pdpe1gb rdtscp lm constant_tsc art arch_perfmon pebs bts rep_good nopl xtopology nonstop_tsc cpuid aperfmperf pni pclmulqdq dtes64 monitor ds_cpl vmx smx est tm2 ssse3 sdbg fma cx16 xtpr pdcm pcid sse4_1 sse4_2 x2apic movbe popcnt tsc_deadline_timer aes xsave avx f16c rdrand lahf_lm abm 3dnowprefetch cpuid_fault epb invpcid_single ssbd ibrs ibpb stibp ibrs_enhanced tpr_shadow vnmi flexpriority ept vpid ept_ad fsgsbase tsc_adjust bmi1 avx2 smep bmi2 erms invpcid mpx rdseed adx smap clflushopt intel_pt xsaveopt xsavec xgetbv1 xsaves dtherm ida arat pln pts hwp hwp_notify hwp_act_window hwp_epp md_clear flush_l1d arch_capabilities
bugs		: spectre_v1 spectre_v2 spec_store_bypass swapgs taa itlb_multihit srbds
bogomips	: 6000.00
clflush size	: 64
cache_alignment	: 64
address sizes	: 39 bits physical, 48 bits virtual
power management:

processor	: 3
vendor_id	: GenuineIntel
cpu family	: 6
model		: 158
model name	: Intel(R) Core(TM) i7-9700 CPU @ 3.00GHz
stepping	: 13
microcode	: 0xea
cpu MHz		: 4474.571
cache size	: 12288 KB
physical id	: 0
siblings	: 8
core id		: 3
cpu cores	: 8
apicid		: 6
initial apicid	: 6
fpu		: yes
fpu_exception	: yes
cpuid level	: 22
wp		: yes
flags		: fpu vme de pse tsc msr pae mce cx8 apic sep mtrr pge mca cmov pat pse36 clflush dts acpi mmx fxsr sse sse2 ss ht tm pbe syscall nx pdpe1gb rdtscp lm constant_tsc art arch_perfmon pebs bts rep_good nopl xtopology nonstop_tsc cpuid aperfmperf pni pclmulqdq dtes64 monitor ds_cpl vmx smx est tm2 ssse3 sdbg fma cx16 xtpr pdcm pcid sse4_1 sse4_2 x2apic movbe popcnt tsc_deadline_timer aes xsave avx f16c rdrand lahf_lm abm 3dnowprefetch cpuid_fault epb invpcid_single ssbd ibrs ibpb stibp ibrs_enhanced tpr_shadow vnmi flexpriority ept vpid ept_ad fsgsbase tsc_adjust bmi1 avx2 smep bmi2 erms invpcid mpx rdseed adx smap clflushopt intel_pt xsaveopt xsavec xgetbv1 xsaves dtherm ida arat pln pts hwp hwp_notify hwp_act_window hwp_epp md_clear flush_l1d arch_capabilities
bugs		: spectre_v1 spectre_v2 spec_store_bypass swapgs taa itlb_multihit srbds
bogomips	: 6000.00
clflush size	: 64
cache_alignment	: 64
address sizes	: 39 bits physical, 48 bits virtual
power management:

processor	: 4
vendor_id	: GenuineIntel
cpu family	: 6
model		: 158
model name	: Intel(R) Core(TM) i7-9700 CPU @ 3.00GHz
stepping	: 13
microcode	: 0xea
cpu MHz		: 4495.895
cache size	: 12288 KB
physical id	: 0
siblings	: 8
core id		: 4
cpu cores	: 8
apicid		: 8
initial apicid	: 8
fpu		: yes
fpu_exception	: yes
cpuid level	: 22
wp		: yes
flags		: fpu vme de pse tsc msr pae mce cx8 apic sep mtrr pge mca cmov pat pse36 clflush dts acpi mmx fxsr sse sse2 ss ht tm pbe syscall nx pdpe1gb rdtscp lm constant_tsc art arch_perfmon pebs bts rep_good nopl xtopology nonstop_tsc cpuid aperfmperf pni pclmulqdq dtes64 monitor ds_cpl vmx smx est tm2 ssse3 sdbg fma cx16 xtpr pdcm pcid sse4_1 sse4_2 x2apic movbe popcnt tsc_deadline_timer aes xsave avx f16c rdrand lahf_lm abm 3dnowprefetch cpuid_fault epb invpcid_single ssbd ibrs ibpb stibp ibrs_enhanced tpr_shadow vnmi flexpriority ept vpid ept_ad fsgsbase tsc_adjust bmi1 avx2 smep bmi2 erms invpcid mpx rdseed adx smap clflushopt intel_pt xsaveopt xsavec xgetbv1 xsaves dtherm ida arat pln pts hwp hwp_notify hwp_act_window hwp_epp md_clear flush_l1d arch_capabilities
bugs		: spectre_v1 spectre_v2 spec_store_bypass swapgs taa itlb_multihit srbds
bogomips	: 6000.00
clflush size	: 64
cache_alignment	: 64
address sizes	: 39 bits physical, 48 bits virtual
power management:

processor	: 5
vendor_id	: GenuineIntel
cpu family	: 6
model		: 158
model name	: Intel(R) Core(TM) i7-9700 CPU @ 3.00GHz
stepping	: 13
microcode	: 0xea
cpu MHz		: 4494.787
cache size	: 12288 KB
physical id	: 0
siblings	: 8
core id		: 5
cpu cores	: 8
apicid		: 10
initial apicid	: 10
fpu		: yes
fpu_exception	: yes
cpuid level	: 22
wp		: yes
flags		: fpu vme de pse tsc msr pae mce cx8 apic sep mtrr pge mca cmov pat pse36 clflush dts acpi mmx fxsr sse sse2 ss ht tm pbe syscall nx pdpe1gb rdtscp lm constant_tsc art arch_perfmon pebs bts rep_good nopl xtopology nonstop_tsc cpuid aperfmperf pni pclmulqdq dtes64 monitor ds_cpl vmx smx est tm2 ssse3 sdbg fma cx16 xtpr pdcm pcid sse4_1 sse4_2 x2apic movbe popcnt tsc_deadline_timer aes xsave avx f16c rdrand lahf_lm abm 3dnowprefetch cpuid_fault epb invpcid_single ssbd ibrs ibpb stibp ibrs_enhanced tpr_shadow vnmi flexpriority ept vpid ept_ad fsgsbase tsc_adjust bmi1 avx2 smep bmi2 erms invpcid mpx rdseed adx smap clflushopt intel_pt xsaveopt xsavec xgetbv1 xsaves dtherm ida arat pln pts hwp hwp_notify hwp_act_window hwp_epp md_clear flush_l1d arch_capabilities
bugs		: spectre_v1 spectre_v2 spec_store_bypass swapgs taa itlb_multihit srbds
bogomips	: 6000.00
clflush size	: 64
cache_alignment	: 64
address sizes	: 39 bits physical, 48 bits virtual
power management:

processor	: 6
vendor_id	: GenuineIntel
cpu family	: 6
model		: 158
model name	: Intel(R) Core(TM) i7-9700 CPU @ 3.00GHz
stepping	: 13
microcode	: 0xea
cpu MHz		: 4495.713
cache size	: 12288 KB
physical id	: 0
siblings	: 8
core id		: 6
cpu cores	: 8
apicid		: 12
initial apicid	: 12
fpu		: yes
fpu_exception	: yes
cpuid level	: 22
wp		: yes
flags		: fpu vme de pse tsc msr pae mce cx8 apic sep mtrr pge mca cmov pat pse36 clflush dts acpi mmx fxsr sse sse2 ss ht tm pbe syscall nx pdpe1gb rdtscp lm constant_tsc art arch_perfmon pebs bts rep_good nopl xtopology nonstop_tsc cpuid aperfmperf pni pclmulqdq dtes64 monitor ds_cpl vmx smx est tm2 ssse3 sdbg fma cx16 xtpr pdcm pcid sse4_1 sse4_2 x2apic movbe popcnt tsc_deadline_timer aes xsave avx f16c rdrand lahf_lm abm 3dnowprefetch cpuid_fault epb invpcid_single ssbd ibrs ibpb stibp ibrs_enhanced tpr_shadow vnmi flexpriority ept vpid ept_ad fsgsbase tsc_adjust bmi1 avx2 smep bmi2 erms invpcid mpx rdseed adx smap clflushopt intel_pt xsaveopt xsavec xgetbv1 xsaves dtherm ida arat pln pts hwp hwp_notify hwp_act_window hwp_epp md_clear flush_l1d arch_capabilities
bugs		: spectre_v1 spectre_v2 spec_store_bypass swapgs taa itlb_multihit srbds
bogomips	: 6000.00
clflush size	: 64
cache_alignment	: 64
address sizes	: 39 bits physical, 48 bits virtual
power management:

processor	: 7
vendor_id	: GenuineIntel
cpu family	: 6
model		: 158
model name	: Intel(R) Core(TM) i7-9700 CPU @ 3.00GHz
stepping	: 13
microcode	: 0xea
cpu MHz		: 4503.432
cache size	: 12288 KB
physical id	: 0
siblings	: 8
core id		: 7
cpu cores	: 8
apicid		: 14
initial apicid	: 14
fpu		: yes
fpu_exception	: yes
cpuid level	: 22
wp		: yes
flags		: fpu vme de pse tsc msr pae mce cx8 apic sep mtrr pge mca cmov pat pse36 clflush dts acpi mmx fxsr sse sse2 ss ht tm pbe syscall nx pdpe1gb rdtscp lm constant_tsc art arch_perfmon pebs bts rep_good nopl xtopology nonstop_tsc cpuid aperfmperf pni pclmulqdq dtes64 monitor ds_cpl vmx smx est tm2 ssse3 sdbg fma cx16 xtpr pdcm pcid sse4_1 sse4_2 x2apic movbe popcnt tsc_deadline_timer aes xsave avx f16c rdrand lahf_lm abm 3dnowprefetch cpuid_fault epb invpcid_single ssbd ibrs ibpb stibp ibrs_enhanced tpr_shadow vnmi flexpriority ept vpid ept_ad fsgsbase tsc_adjust bmi1 avx2 smep bmi2 erms invpcid mpx rdseed adx smap clflushopt intel_pt xsaveopt xsavec xgetbv1 xsaves dtherm ida arat pln pts hwp hwp_notify hwp_act_window hwp_epp md_clear flush_l1d arch_capabilities
bugs		: spectre_v1 spectre_v2 spec_store_bypass swapgs taa itlb_multihit srbds
bogomips	: 6000.00
clflush size	: 64
cache_alignment	: 64
address sizes	: 39 bits physical, 48 bits virtual
power management:



Memory: 4k page, physical 32692176k(19601628k free), swap 2097148k(2097148k free)

vm_info: Java HotSpot(TM) 64-Bit Server VM (25.261-b12) for linux-amd64 JRE (1.8.0_261-b12), built on Jun 17 2020 23:41:40 by "java_re" with gcc 7.3.0

time: Tue Mar  1 10:43:31 2022
timezone: +08
elapsed time: 0 seconds (0d 0h 0m 0s)

